{"/home/felix/Desarrollo/Mine/rest-api/config.js": {"path":"/home/felix/Desarrollo/Mine/rest-api/config.js","statementMap":{"0":{"start":{"line":3,"column":0},"end":{"line":3,"column":8}},"1":{"start":{"line":5,"column":21},"end":{"line":5,"column":45}},"2":{"start":{"line":6,"column":24},"end":{"line":6,"column":58}},"3":{"start":{"line":7,"column":24},"end":{"line":7,"column":53}},"4":{"start":{"line":8,"column":24},"end":{"line":8,"column":53}},"5":{"start":{"line":9,"column":28},"end":{"line":9,"column":66}},"6":{"start":{"line":10,"column":28},"end":{"line":10,"column":66}}},"fnMap":{},"branchMap":{"0":{"loc":{"start":{"line":5,"column":21},"end":{"line":5,"column":45}},"type":"binary-expr","locations":[{"start":{"line":5,"column":21},"end":{"line":5,"column":37}},{"start":{"line":5,"column":41},"end":{"line":5,"column":45}}],"line":5},"1":{"loc":{"start":{"line":6,"column":24},"end":{"line":6,"column":58}},"type":"binary-expr","locations":[{"start":{"line":6,"column":24},"end":{"line":6,"column":43}},{"start":{"line":6,"column":47},"end":{"line":6,"column":58}}],"line":6},"2":{"loc":{"start":{"line":7,"column":24},"end":{"line":7,"column":53}},"type":"binary-expr","locations":[{"start":{"line":7,"column":24},"end":{"line":7,"column":43}},{"start":{"line":7,"column":47},"end":{"line":7,"column":53}}],"line":7},"3":{"loc":{"start":{"line":8,"column":24},"end":{"line":8,"column":53}},"type":"binary-expr","locations":[{"start":{"line":8,"column":24},"end":{"line":8,"column":43}},{"start":{"line":8,"column":47},"end":{"line":8,"column":53}}],"line":8},"4":{"loc":{"start":{"line":9,"column":28},"end":{"line":9,"column":66}},"type":"binary-expr","locations":[{"start":{"line":9,"column":28},"end":{"line":9,"column":51}},{"start":{"line":9,"column":55},"end":{"line":9,"column":66}}],"line":9},"5":{"loc":{"start":{"line":10,"column":28},"end":{"line":10,"column":66}},"type":"binary-expr","locations":[{"start":{"line":10,"column":28},"end":{"line":10,"column":51}},{"start":{"line":10,"column":55},"end":{"line":10,"column":66}}],"line":10}},"s":{"0":2,"1":2,"2":2,"3":2,"4":2,"5":2,"6":2},"f":{},"b":{"0":[2,0],"1":[2,0],"2":[2,0],"3":[2,0],"4":[2,0],"5":[2,0]},"inputSourceMap":null,"_coverageSchema":"1a1c01bbd47fc00a2c39e90264f33305004495a9","hash":"29a4d81c5f742b8e37f1e8af1140169f9cb238a0"}
,"/home/felix/Desarrollo/Mine/rest-api/src/app.js": {"path":"/home/felix/Desarrollo/Mine/rest-api/src/app.js","statementMap":{"0":{"start":{"line":5,"column":12},"end":{"line":5,"column":21}},"1":{"start":{"line":6,"column":0},"end":{"line":6,"column":23}},"2":{"start":{"line":8,"column":0},"end":{"line":8,"column":31}},"3":{"start":{"line":9,"column":0},"end":{"line":13,"column":2}},"4":{"start":{"line":10,"column":2},"end":{"line":12,"column":4}}},"fnMap":{"0":{"name":"(anonymous_0)","decl":{"start":{"line":9,"column":9},"end":{"line":9,"column":10}},"loc":{"start":{"line":9,"column":29},"end":{"line":13,"column":1}},"line":9}},"branchMap":{},"s":{"0":2,"1":2,"2":2,"3":2,"4":1},"f":{"0":1},"b":{},"inputSourceMap":null,"_coverageSchema":"1a1c01bbd47fc00a2c39e90264f33305004495a9","hash":"1517a8b7aad2765e5829afd2538ae06a189cd4db"}
,"/home/felix/Desarrollo/Mine/rest-api/src/db.js": {"path":"/home/felix/Desarrollo/Mine/rest-api/src/db.js","statementMap":{"0":{"start":{"line":10,"column":20},"end":{"line":16,"column":2}}},"fnMap":{},"branchMap":{},"s":{"0":2},"f":{},"b":{},"inputSourceMap":null,"_coverageSchema":"1a1c01bbd47fc00a2c39e90264f33305004495a9","hash":"1eec194676d0e30bca2a08ada50ea88a5b782d2c"}
,"/home/felix/Desarrollo/Mine/rest-api/src/controllers/employees.controller.js": {"path":"/home/felix/Desarrollo/Mine/rest-api/src/controllers/employees.controller.js","statementMap":{"0":{"start":{"line":3,"column":28},"end":{"line":11,"column":1}},"1":{"start":{"line":4,"column":2},"end":{"line":10,"column":3}},"2":{"start":{"line":5,"column":19},"end":{"line":5,"column":61}},"3":{"start":{"line":6,"column":4},"end":{"line":6,"column":19}},"4":{"start":{"line":8,"column":4},"end":{"line":8,"column":23}},"5":{"start":{"line":9,"column":4},"end":{"line":9,"column":20}},"6":{"start":{"line":13,"column":27},"end":{"line":26,"column":1}},"7":{"start":{"line":14,"column":2},"end":{"line":25,"column":3}},"8":{"start":{"line":15,"column":19},"end":{"line":17,"column":6}},"9":{"start":{"line":18,"column":4},"end":{"line":20,"column":5}},"10":{"start":{"line":19,"column":6},"end":{"line":19,"column":62}},"11":{"start":{"line":21,"column":4},"end":{"line":21,"column":34}},"12":{"start":{"line":23,"column":4},"end":{"line":23,"column":23}},"13":{"start":{"line":24,"column":4},"end":{"line":24,"column":20}},"14":{"start":{"line":28,"column":30},"end":{"line":44,"column":1}},"15":{"start":{"line":29,"column":2},"end":{"line":43,"column":3}},"16":{"start":{"line":30,"column":29},"end":{"line":30,"column":37}},"17":{"start":{"line":31,"column":19},"end":{"line":34,"column":5}},"18":{"start":{"line":35,"column":4},"end":{"line":39,"column":7}},"19":{"start":{"line":41,"column":4},"end":{"line":41,"column":23}},"20":{"start":{"line":42,"column":4},"end":{"line":42,"column":20}},"21":{"start":{"line":46,"column":30},"end":{"line":67,"column":1}},"22":{"start":{"line":47,"column":17},"end":{"line":47,"column":27}},"23":{"start":{"line":48,"column":27},"end":{"line":48,"column":35}},"24":{"start":{"line":50,"column":2},"end":{"line":66,"column":3}},"25":{"start":{"line":51,"column":21},"end":{"line":54,"column":5}},"26":{"start":{"line":56,"column":4},"end":{"line":57,"column":69}},"27":{"start":{"line":57,"column":6},"end":{"line":57,"column":69}},"28":{"start":{"line":59,"column":19},"end":{"line":61,"column":6}},"29":{"start":{"line":62,"column":4},"end":{"line":62,"column":22}},"30":{"start":{"line":64,"column":4},"end":{"line":64,"column":23}},"31":{"start":{"line":65,"column":4},"end":{"line":65,"column":20}},"32":{"start":{"line":68,"column":30},"end":{"line":81,"column":1}},"33":{"start":{"line":69,"column":2},"end":{"line":80,"column":3}},"34":{"start":{"line":70,"column":21},"end":{"line":72,"column":6}},"35":{"start":{"line":74,"column":4},"end":{"line":75,"column":69}},"36":{"start":{"line":75,"column":6},"end":{"line":75,"column":69}},"37":{"start":{"line":76,"column":4},"end":{"line":76,"column":24}},"38":{"start":{"line":78,"column":4},"end":{"line":78,"column":23}},"39":{"start":{"line":79,"column":4},"end":{"line":79,"column":20}}},"fnMap":{"0":{"name":"(anonymous_0)","decl":{"start":{"line":3,"column":28},"end":{"line":3,"column":29}},"loc":{"start":{"line":3,"column":48},"end":{"line":11,"column":1}},"line":3},"1":{"name":"(anonymous_1)","decl":{"start":{"line":13,"column":27},"end":{"line":13,"column":28}},"loc":{"start":{"line":13,"column":47},"end":{"line":26,"column":1}},"line":13},"2":{"name":"(anonymous_2)","decl":{"start":{"line":28,"column":30},"end":{"line":28,"column":31}},"loc":{"start":{"line":28,"column":50},"end":{"line":44,"column":1}},"line":28},"3":{"name":"(anonymous_3)","decl":{"start":{"line":46,"column":30},"end":{"line":46,"column":31}},"loc":{"start":{"line":46,"column":50},"end":{"line":67,"column":1}},"line":46},"4":{"name":"(anonymous_4)","decl":{"start":{"line":68,"column":30},"end":{"line":68,"column":31}},"loc":{"start":{"line":68,"column":50},"end":{"line":81,"column":1}},"line":68}},"branchMap":{"0":{"loc":{"start":{"line":18,"column":4},"end":{"line":20,"column":5}},"type":"if","locations":[{"start":{"line":18,"column":4},"end":{"line":20,"column":5}},{"start":{},"end":{}}],"line":18},"1":{"loc":{"start":{"line":56,"column":4},"end":{"line":57,"column":69}},"type":"if","locations":[{"start":{"line":56,"column":4},"end":{"line":57,"column":69}},{"start":{},"end":{}}],"line":56},"2":{"loc":{"start":{"line":74,"column":4},"end":{"line":75,"column":69}},"type":"if","locations":[{"start":{"line":74,"column":4},"end":{"line":75,"column":69}},{"start":{},"end":{}}],"line":74}},"s":{"0":2,"1":1,"2":1,"3":1,"4":0,"5":0,"6":2,"7":1,"8":1,"9":1,"10":0,"11":1,"12":0,"13":0,"14":2,"15":1,"16":1,"17":1,"18":1,"19":0,"20":0,"21":2,"22":0,"23":0,"24":0,"25":0,"26":0,"27":0,"28":0,"29":0,"30":0,"31":0,"32":2,"33":1,"34":1,"35":1,"36":0,"37":1,"38":0,"39":0},"f":{"0":1,"1":1,"2":1,"3":0,"4":1},"b":{"0":[0,1],"1":[0,0],"2":[0,1]},"inputSourceMap":null,"_coverageSchema":"1a1c01bbd47fc00a2c39e90264f33305004495a9","hash":"84a799f1c617885fa6fb696791fe3d6fa2b84121"}
,"/home/felix/Desarrollo/Mine/rest-api/src/routes/employees.routes.js": {"path":"/home/felix/Desarrollo/Mine/rest-api/src/routes/employees.routes.js","statementMap":{"0":{"start":{"line":10,"column":15},"end":{"line":10,"column":23}},"1":{"start":{"line":12,"column":0},"end":{"line":12,"column":39}},"2":{"start":{"line":14,"column":0},"end":{"line":14,"column":42}},"3":{"start":{"line":16,"column":0},"end":{"line":16,"column":42}},"4":{"start":{"line":18,"column":0},"end":{"line":18,"column":47}},"5":{"start":{"line":20,"column":0},"end":{"line":20,"column":48}}},"fnMap":{},"branchMap":{},"s":{"0":2,"1":2,"2":2,"3":2,"4":2,"5":2},"f":{},"b":{},"inputSourceMap":null,"_coverageSchema":"1a1c01bbd47fc00a2c39e90264f33305004495a9","hash":"c58a115e0dfadcb226655f03558ef8f5ec0201db"}
,"/home/felix/Desarrollo/Mine/rest-api/test/sum.js": {"path":"/home/felix/Desarrollo/Mine/rest-api/test/sum.js","statementMap":{"0":{"start":{"line":1,"column":19},"end":{"line":3,"column":1}},"1":{"start":{"line":2,"column":2},"end":{"line":2,"column":15}}},"fnMap":{"0":{"name":"(anonymous_0)","decl":{"start":{"line":1,"column":19},"end":{"line":1,"column":20}},"loc":{"start":{"line":1,"column":29},"end":{"line":3,"column":1}},"line":1}},"branchMap":{},"s":{"0":1,"1":1},"f":{"0":1},"b":{},"inputSourceMap":null,"_coverageSchema":"1a1c01bbd47fc00a2c39e90264f33305004495a9","hash":"ce09339bd5ccaff9c62e7ae1952da81e4620690e"}
}
