TN:
SF:config.js
FNF:0
FNH:0
DA:3,2
DA:5,2
DA:6,2
DA:7,2
DA:8,2
DA:9,2
DA:10,2
LF:7
LH:7
BRDA:5,0,0,2
BRDA:5,0,1,0
BRDA:6,1,0,2
BRDA:6,1,1,0
BRDA:7,2,0,2
BRDA:7,2,1,0
BRDA:8,3,0,2
BRDA:8,3,1,0
BRDA:9,4,0,2
BRDA:9,4,1,0
BRDA:10,5,0,2
BRDA:10,5,1,0
BRF:12
BRH:6
end_of_record
TN:
SF:src/app.js
FN:9,(anonymous_0)
FNF:1
FNH:1
FNDA:1,(anonymous_0)
DA:5,2
DA:6,2
DA:8,2
DA:9,2
DA:10,1
LF:5
LH:5
BRF:0
BRH:0
end_of_record
TN:
SF:src/db.js
FNF:0
FNH:0
DA:10,2
LF:1
LH:1
BRF:0
BRH:0
end_of_record
TN:
SF:src/controllers/employees.controller.js
FN:3,(anonymous_0)
FN:13,(anonymous_1)
FN:28,(anonymous_2)
FN:46,(anonymous_3)
FN:68,(anonymous_4)
FNF:5
FNH:4
FNDA:1,(anonymous_0)
FNDA:1,(anonymous_1)
FNDA:1,(anonymous_2)
FNDA:0,(anonymous_3)
FNDA:1,(anonymous_4)
DA:3,2
DA:4,1
DA:5,1
DA:6,1
DA:8,0
DA:9,0
DA:13,2
DA:14,1
DA:15,1
DA:18,1
DA:19,0
DA:21,1
DA:23,0
DA:24,0
DA:28,2
DA:29,1
DA:30,1
DA:31,1
DA:35,1
DA:41,0
DA:42,0
DA:46,2
DA:47,0
DA:48,0
DA:50,0
DA:51,0
DA:56,0
DA:57,0
DA:59,0
DA:62,0
DA:64,0
DA:65,0
DA:68,2
DA:69,1
DA:70,1
DA:74,1
DA:75,0
DA:76,1
DA:78,0
DA:79,0
LF:40
LH:20
BRDA:18,0,0,0
BRDA:18,0,1,1
BRDA:56,1,0,0
BRDA:56,1,1,0
BRDA:74,2,0,0
BRDA:74,2,1,1
BRF:6
BRH:2
end_of_record
TN:
SF:src/routes/employees.routes.js
FNF:0
FNH:0
DA:10,2
DA:12,2
DA:14,2
DA:16,2
DA:18,2
DA:20,2
LF:6
LH:6
BRF:0
BRH:0
end_of_record
TN:
SF:test/sum.js
FN:1,(anonymous_0)
FNF:1
FNH:1
FNDA:1,(anonymous_0)
DA:1,1
DA:2,1
LF:2
LH:2
BRF:0
BRH:0
end_of_record
